Arguments: 
  /Users/yehiatarek/.nvm/versions/node/v14.17.6/bin/node /Users/yehiatarek/.yarn/bin/yarn.js add @openzepplin/contracts

PATH: 
  /Users/yehiatarek/.yarn/bin:/Users/yehiatarek/.config/yarn/global/node_modules/.bin:/Users/yehiatarek/.nvm/versions/node/v14.17.6/bin:/Users/yehiatarek/.nvm/versions/node/v14.17.6/bin:/usr/local/bin:/usr/bin:/bin:/usr/sbin:/sbin:/Users/yehiatarek/.nvm/versions/node/v14.17.6/bin:/opt/homebrew/bin:/opt/homebrew/sbin:/Applications/Visual Studio Code.app/Contents/Resources/app/bin:/Users/yehiatarek/.antigen/bundles/robbyrussell/oh-my-zsh/lib:/Users/yehiatarek/.antigen/bundles/robbyrussell/oh-my-zsh/plugins/git:/Users/yehiatarek/.antigen/bundles/robbyrussell/oh-my-zsh/plugins/docker:/Users/yehiatarek/.antigen/bundles/robbyrussell/oh-my-zsh/plugins/npm:/Users/yehiatarek/.antigen/bundles/robbyrussell/oh-my-zsh/plugins/osx:/Users/yehiatarek/.antigen/bundles/robbyrussell/oh-my-zsh/plugins/sudo:/Users/yehiatarek/.antigen/bundles/robbyrussell/oh-my-zsh/plugins/yarn:/Users/yehiatarek/.antigen/bundles/zsh-users/zsh-completions:/Users/yehiatarek/.antigen/bundles/zsh-users/zsh-autosuggestions:/Users/yehiatarek/.antigen/bundles/zsh-users/zsh-syntax-highlighting

Yarn version: 
  1.22.15

Node version: 
  14.17.6

Platform: 
  darwin arm64

Trace: 
  Error: https://registry.yarnpkg.com/@openzepplin%2fcontracts: Not found
      at Request.params.callback [as _callback] (/Users/yehiatarek/.yarn/lib/cli.js:67031:18)
      at Request.self.callback (/Users/yehiatarek/.yarn/lib/cli.js:140885:22)
      at Request.emit (events.js:400:28)
      at Request.<anonymous> (/Users/yehiatarek/.yarn/lib/cli.js:141857:10)
      at Request.emit (events.js:400:28)
      at IncomingMessage.<anonymous> (/Users/yehiatarek/.yarn/lib/cli.js:141779:12)
      at Object.onceWrapper (events.js:519:28)
      at IncomingMessage.emit (events.js:412:35)
      at endReadableNT (internal/streams/readable.js:1317:12)
      at processTicksAndRejections (internal/process/task_queues.js:82:21)

npm manifest: 
  No manifest

yarn manifest: 
  No manifest

Lockfile: 
  # THIS IS AN AUTOGENERATED FILE. DO NOT EDIT THIS FILE DIRECTLY.
  # yarn lockfile v1
